<?xml version="1.0" encoding="UTF-8"?>
<!-- Generated by org.testng.reporters.JUnitReportReporter -->
<testsuite skipped="20" hostname="LAPTOP-35B7MCU5" name="com.qa.democart.test.AccountPageTest" tests="22" failures="0" timestamp="2022-06-19T16:20:35 BST" time="9.373" errors="2">
  <testcase name="accPageSetUp" time="3.885" classname="com.qa.democart.test.AccountPageTest">
    <error type="org.openqa.selenium.NoSuchElementException" message="no such element: Unable to locate element: {&quot;method&quot;:&quot;xpath&quot;,&quot;selector&quot;:&quot;//input[@value=&quot;Login&quot;]&quot;}
  (Session info: chrome=89.0.4389.72)
For documentation on this error, please visit: https://selenium.dev/exceptions/#no_such_element
Build info: version: &#039;4.1.0&#039;, revision: &#039;87802e897b&#039;
System info: host: &#039;LAPTOP-35B7MCU5&#039;, ip: &#039;192.168.0.4&#039;, os.name: &#039;Windows 10&#039;, os.arch: &#039;amd64&#039;, os.version: &#039;10.0&#039;, java.version: &#039;1.8.0_301&#039;
Driver info: org.openqa.selenium.remote.RemoteWebDriver
Command: [a0904867b99c961dede1cfd5deef9157, findElement {using=xpath, value=//input[@value=&quot;Login&quot;]}]
Capabilities {acceptInsecureCerts: false, browserName: chrome, browserVersion: 89.0.4389.72, chrome: {chromedriverVersion: 89.0.4389.23 (61b08ee2c5002..., userDataDir: /tmp/.com.google.Chrome.JEUo1n}, goog:chromeOptions: {debuggerAddress: localhost:37813}, javascriptEnabled: true, networkConnectionEnabled: false, pageLoadStrategy: normal, platform: LINUX, platformName: LINUX, proxy: Proxy(), setWindowRect: true, strictFileInteractability: false, timeouts: {implicit: 0, pageLoad: 300000, script: 30000}, unhandledPromptBehavior: dismiss and notify, webauthn:extension:largeBlob: true, webauthn:virtualAuthenticators: true}
Session ID: a0904867b99c961dede1cfd5deef9157">
      <![CDATA[org.openqa.selenium.NoSuchElementException: no such element: Unable to locate element: {"method":"xpath","selector":"//input[@value="Login"]"}
  (Session info: chrome=89.0.4389.72)
For documentation on this error, please visit: https://selenium.dev/exceptions/#no_such_element
Build info: version: '4.1.0', revision: '87802e897b'
System info: host: 'LAPTOP-35B7MCU5', ip: '192.168.0.4', os.name: 'Windows 10', os.arch: 'amd64', os.version: '10.0', java.version: '1.8.0_301'
Driver info: org.openqa.selenium.remote.RemoteWebDriver
Command: [a0904867b99c961dede1cfd5deef9157, findElement {using=xpath, value=//input[@value="Login"]}]
Capabilities {acceptInsecureCerts: false, browserName: chrome, browserVersion: 89.0.4389.72, chrome: {chromedriverVersion: 89.0.4389.23 (61b08ee2c5002..., userDataDir: /tmp/.com.google.Chrome.JEUo1n}, goog:chromeOptions: {debuggerAddress: localhost:37813}, javascriptEnabled: true, networkConnectionEnabled: false, pageLoadStrategy: normal, platform: LINUX, platformName: LINUX, proxy: Proxy(), setWindowRect: true, strictFileInteractability: false, timeouts: {implicit: 0, pageLoad: 300000, script: 30000}, unhandledPromptBehavior: dismiss and notify, webauthn:extension:largeBlob: true, webauthn:virtualAuthenticators: true}
Session ID: a0904867b99c961dede1cfd5deef9157
at sun.reflect.NativeConstructorAccessorImpl.newInstance0(Native Method)
at sun.reflect.NativeConstructorAccessorImpl.newInstance(NativeConstructorAccessorImpl.java:62)
at sun.reflect.DelegatingConstructorAccessorImpl.newInstance(DelegatingConstructorAccessorImpl.java:45)
at java.lang.reflect.Constructor.newInstance(Constructor.java:423)
at org.openqa.selenium.remote.codec.w3c.W3CHttpResponseCodec.createException(W3CHttpResponseCodec.java:200)
at org.openqa.selenium.remote.codec.w3c.W3CHttpResponseCodec.decode(W3CHttpResponseCodec.java:133)
at org.openqa.selenium.remote.codec.w3c.W3CHttpResponseCodec.decode(W3CHttpResponseCodec.java:53)
at org.openqa.selenium.remote.HttpCommandExecutor.execute(HttpCommandExecutor.java:184)
at org.openqa.selenium.remote.TracedCommandExecutor.execute(TracedCommandExecutor.java:50)
at org.openqa.selenium.remote.RemoteWebDriver.execute(RemoteWebDriver.java:559)
at org.openqa.selenium.remote.ElementLocation$ElementFinder$2.findElement(ElementLocation.java:162)
at org.openqa.selenium.remote.ElementLocation.findElement(ElementLocation.java:60)
at org.openqa.selenium.remote.RemoteWebDriver.findElement(RemoteWebDriver.java:383)
at org.openqa.selenium.remote.RemoteWebDriver.findElement(RemoteWebDriver.java:375)
at com.qa.democart.utils.ElementUtil.getElement(ElementUtil.java:76)
at com.qa.democart.utils.ElementUtil.doClick(ElementUtil.java:98)
at com.qa.democart.pages.LoginPage.doLogin(LoginPage.java:54)
at com.qa.democart.test.AccountPageTest.accPageSetUp(AccountPageTest.java:31)
at sun.reflect.NativeMethodAccessorImpl.invoke0(Native Method)
at sun.reflect.NativeMethodAccessorImpl.invoke(NativeMethodAccessorImpl.java:62)
at sun.reflect.DelegatingMethodAccessorImpl.invoke(DelegatingMethodAccessorImpl.java:43)
at java.lang.reflect.Method.invoke(Method.java:498)
at org.testng.internal.MethodInvocationHelper.invokeMethod(MethodInvocationHelper.java:133)
at org.testng.internal.MethodInvocationHelper.invokeMethodConsideringTimeout(MethodInvocationHelper.java:62)
at org.testng.internal.ConfigInvoker.invokeConfigurationMethod(ConfigInvoker.java:385)
at org.testng.internal.ConfigInvoker.invokeConfigurations(ConfigInvoker.java:321)
at org.testng.internal.TestMethodWorker.invokeBeforeClassMethods(TestMethodWorker.java:176)
at org.testng.internal.TestMethodWorker.run(TestMethodWorker.java:122)
at java.util.ArrayList.forEach(ArrayList.java:1259)
at org.testng.TestRunner.privateRun(TestRunner.java:794)
at org.testng.TestRunner.run(TestRunner.java:596)
at org.testng.SuiteRunner.runTest(SuiteRunner.java:377)
at org.testng.SuiteRunner.access$000(SuiteRunner.java:28)
at org.testng.SuiteRunner$SuiteWorker.run(SuiteRunner.java:418)
at org.testng.internal.thread.ThreadUtil.lambda$execute$0(ThreadUtil.java:64)
at java.util.concurrent.FutureTask.run(FutureTask.java:266)
at java.util.concurrent.ThreadPoolExecutor.runWorker(ThreadPoolExecutor.java:1149)
at java.util.concurrent.ThreadPoolExecutor$Worker.run(ThreadPoolExecutor.java:624)
at java.lang.Thread.run(Thread.java:748)
]]>
    </error>
  </testcase> <!-- accPageSetUp -->
  <system-out/>
  <testcase name="accPageSetUp" time="5.488" classname="com.qa.democart.test.AccountPageTest">
    <error type="org.openqa.selenium.NoSuchElementException" message="no such element: Unable to locate element: {&quot;method&quot;:&quot;xpath&quot;,&quot;selector&quot;:&quot;//input[@value=&quot;Login&quot;]&quot;}
  (Session info: chrome=90.0.4430.72)
For documentation on this error, please visit: https://selenium.dev/exceptions/#no_such_element
Build info: version: &#039;4.1.0&#039;, revision: &#039;87802e897b&#039;
System info: host: &#039;LAPTOP-35B7MCU5&#039;, ip: &#039;192.168.0.4&#039;, os.name: &#039;Windows 10&#039;, os.arch: &#039;amd64&#039;, os.version: &#039;10.0&#039;, java.version: &#039;1.8.0_301&#039;
Driver info: org.openqa.selenium.remote.RemoteWebDriver
Command: [340d9126bfa87688395f0c5f10f3cb77, findElement {using=xpath, value=//input[@value=&quot;Login&quot;]}]
Capabilities {acceptInsecureCerts: false, browserName: chrome, browserVersion: 90.0.4430.72, chrome: {chromedriverVersion: 90.0.4430.24 (4c6d850f087da..., userDataDir: /tmp/.com.google.Chrome.PpuJHu}, goog:chromeOptions: {debuggerAddress: localhost:46427}, javascriptEnabled: true, networkConnectionEnabled: false, pageLoadStrategy: normal, platform: LINUX, platformName: LINUX, proxy: Proxy(), setWindowRect: true, strictFileInteractability: false, timeouts: {implicit: 0, pageLoad: 300000, script: 30000}, unhandledPromptBehavior: dismiss and notify, webauthn:extension:largeBlob: true, webauthn:virtualAuthenticators: true}
Session ID: 340d9126bfa87688395f0c5f10f3cb77">
      <![CDATA[org.openqa.selenium.NoSuchElementException: no such element: Unable to locate element: {"method":"xpath","selector":"//input[@value="Login"]"}
  (Session info: chrome=90.0.4430.72)
For documentation on this error, please visit: https://selenium.dev/exceptions/#no_such_element
Build info: version: '4.1.0', revision: '87802e897b'
System info: host: 'LAPTOP-35B7MCU5', ip: '192.168.0.4', os.name: 'Windows 10', os.arch: 'amd64', os.version: '10.0', java.version: '1.8.0_301'
Driver info: org.openqa.selenium.remote.RemoteWebDriver
Command: [340d9126bfa87688395f0c5f10f3cb77, findElement {using=xpath, value=//input[@value="Login"]}]
Capabilities {acceptInsecureCerts: false, browserName: chrome, browserVersion: 90.0.4430.72, chrome: {chromedriverVersion: 90.0.4430.24 (4c6d850f087da..., userDataDir: /tmp/.com.google.Chrome.PpuJHu}, goog:chromeOptions: {debuggerAddress: localhost:46427}, javascriptEnabled: true, networkConnectionEnabled: false, pageLoadStrategy: normal, platform: LINUX, platformName: LINUX, proxy: Proxy(), setWindowRect: true, strictFileInteractability: false, timeouts: {implicit: 0, pageLoad: 300000, script: 30000}, unhandledPromptBehavior: dismiss and notify, webauthn:extension:largeBlob: true, webauthn:virtualAuthenticators: true}
Session ID: 340d9126bfa87688395f0c5f10f3cb77
at sun.reflect.NativeConstructorAccessorImpl.newInstance0(Native Method)
at sun.reflect.NativeConstructorAccessorImpl.newInstance(NativeConstructorAccessorImpl.java:62)
at sun.reflect.DelegatingConstructorAccessorImpl.newInstance(DelegatingConstructorAccessorImpl.java:45)
at java.lang.reflect.Constructor.newInstance(Constructor.java:423)
at org.openqa.selenium.remote.codec.w3c.W3CHttpResponseCodec.createException(W3CHttpResponseCodec.java:200)
at org.openqa.selenium.remote.codec.w3c.W3CHttpResponseCodec.decode(W3CHttpResponseCodec.java:133)
at org.openqa.selenium.remote.codec.w3c.W3CHttpResponseCodec.decode(W3CHttpResponseCodec.java:53)
at org.openqa.selenium.remote.HttpCommandExecutor.execute(HttpCommandExecutor.java:184)
at org.openqa.selenium.remote.TracedCommandExecutor.execute(TracedCommandExecutor.java:50)
at org.openqa.selenium.remote.RemoteWebDriver.execute(RemoteWebDriver.java:559)
at org.openqa.selenium.remote.ElementLocation$ElementFinder$2.findElement(ElementLocation.java:162)
at org.openqa.selenium.remote.ElementLocation.findElement(ElementLocation.java:60)
at org.openqa.selenium.remote.RemoteWebDriver.findElement(RemoteWebDriver.java:383)
at org.openqa.selenium.remote.RemoteWebDriver.findElement(RemoteWebDriver.java:375)
at com.qa.democart.utils.ElementUtil.getElement(ElementUtil.java:76)
at com.qa.democart.utils.ElementUtil.doClick(ElementUtil.java:98)
at com.qa.democart.pages.LoginPage.doLogin(LoginPage.java:54)
at com.qa.democart.test.AccountPageTest.accPageSetUp(AccountPageTest.java:31)
at sun.reflect.NativeMethodAccessorImpl.invoke0(Native Method)
at sun.reflect.NativeMethodAccessorImpl.invoke(NativeMethodAccessorImpl.java:62)
at sun.reflect.DelegatingMethodAccessorImpl.invoke(DelegatingMethodAccessorImpl.java:43)
at java.lang.reflect.Method.invoke(Method.java:498)
at org.testng.internal.MethodInvocationHelper.invokeMethod(MethodInvocationHelper.java:133)
at org.testng.internal.MethodInvocationHelper.invokeMethodConsideringTimeout(MethodInvocationHelper.java:62)
at org.testng.internal.ConfigInvoker.invokeConfigurationMethod(ConfigInvoker.java:385)
at org.testng.internal.ConfigInvoker.invokeConfigurations(ConfigInvoker.java:321)
at org.testng.internal.TestMethodWorker.invokeBeforeClassMethods(TestMethodWorker.java:176)
at org.testng.internal.TestMethodWorker.run(TestMethodWorker.java:122)
at java.util.ArrayList.forEach(ArrayList.java:1259)
at org.testng.TestRunner.privateRun(TestRunner.java:794)
at org.testng.TestRunner.run(TestRunner.java:596)
at org.testng.SuiteRunner.runTest(SuiteRunner.java:377)
at org.testng.SuiteRunner.access$000(SuiteRunner.java:28)
at org.testng.SuiteRunner$SuiteWorker.run(SuiteRunner.java:418)
at org.testng.internal.thread.ThreadUtil.lambda$execute$0(ThreadUtil.java:64)
at java.util.concurrent.FutureTask.run(FutureTask.java:266)
at java.util.concurrent.ThreadPoolExecutor.runWorker(ThreadPoolExecutor.java:1149)
at java.util.concurrent.ThreadPoolExecutor$Worker.run(ThreadPoolExecutor.java:624)
at java.lang.Thread.run(Thread.java:748)
]]>
    </error>
  </testcase> <!-- accPageSetUp -->
  <system-out/>
  <testcase name="accPageTitleTest" time="0.000" classname="com.qa.democart.test.AccountPageTest">
    <skipped/>
  </testcase> <!-- accPageTitleTest -->
  <system-out/>
  <testcase name="accPageTitleTest" time="0.000" classname="com.qa.democart.test.AccountPageTest">
    <skipped/>
  </testcase> <!-- accPageTitleTest -->
  <system-out/>
  <testcase name="accPageHeaderTest" time="0.000" classname="com.qa.democart.test.AccountPageTest">
    <skipped/>
  </testcase> <!-- accPageHeaderTest -->
  <system-out/>
  <testcase name="accPageHeaderTest" time="0.000" classname="com.qa.democart.test.AccountPageTest">
    <skipped/>
  </testcase> <!-- accPageHeaderTest -->
  <system-out/>
  <testcase name="accSectionsTest" time="0.000" classname="com.qa.democart.test.AccountPageTest">
    <skipped/>
  </testcase> <!-- accSectionsTest -->
  <system-out/>
  <testcase name="accSectionsTest" time="0.000" classname="com.qa.democart.test.AccountPageTest">
    <skipped/>
  </testcase> <!-- accSectionsTest -->
  <system-out/>
  <testcase name="logoutLinkExistTest" time="0.000" classname="com.qa.democart.test.AccountPageTest">
    <skipped/>
  </testcase> <!-- logoutLinkExistTest -->
  <system-out/>
  <testcase name="logoutLinkExistTest" time="0.000" classname="com.qa.democart.test.AccountPageTest">
    <skipped/>
  </testcase> <!-- logoutLinkExistTest -->
  <system-out/>
  <testcase name="searchTest" time="0.000" classname="com.qa.democart.test.AccountPageTest">
    <skipped/>
  </testcase> <!-- searchTest -->
  <system-out/>
  <testcase name="searchTest" time="0.000" classname="com.qa.democart.test.AccountPageTest">
    <skipped/>
  </testcase> <!-- searchTest -->
  <system-out/>
  <testcase name="searchTest" time="0.000" classname="com.qa.democart.test.AccountPageTest">
    <skipped/>
  </testcase> <!-- searchTest -->
  <system-out/>
  <testcase name="searchTest" time="0.000" classname="com.qa.democart.test.AccountPageTest">
    <skipped/>
  </testcase> <!-- searchTest -->
  <system-out/>
  <testcase name="searchTest" time="0.000" classname="com.qa.democart.test.AccountPageTest">
    <skipped/>
  </testcase> <!-- searchTest -->
  <system-out/>
  <testcase name="searchTest" time="0.000" classname="com.qa.democart.test.AccountPageTest">
    <skipped/>
  </testcase> <!-- searchTest -->
  <system-out/>
  <testcase name="selectProductTest" time="0.000" classname="com.qa.democart.test.AccountPageTest">
    <skipped/>
  </testcase> <!-- selectProductTest -->
  <system-out/>
  <testcase name="selectProductTest" time="0.000" classname="com.qa.democart.test.AccountPageTest">
    <skipped/>
  </testcase> <!-- selectProductTest -->
  <system-out/>
  <testcase name="selectProductTest" time="0.000" classname="com.qa.democart.test.AccountPageTest">
    <skipped/>
  </testcase> <!-- selectProductTest -->
  <system-out/>
  <testcase name="selectProductTest" time="0.000" classname="com.qa.democart.test.AccountPageTest">
    <skipped/>
  </testcase> <!-- selectProductTest -->
  <system-out/>
  <testcase name="selectProductTest" time="0.000" classname="com.qa.democart.test.AccountPageTest">
    <skipped/>
  </testcase> <!-- selectProductTest -->
  <system-out/>
  <testcase name="selectProductTest" time="0.000" classname="com.qa.democart.test.AccountPageTest">
    <skipped/>
  </testcase> <!-- selectProductTest -->
  <system-out/>
</testsuite> <!-- com.qa.democart.test.AccountPageTest -->
